2024.05.28 19:27:34 INFO  Started: Metals version 1.3.1 in folders 'C:\Users\andre\Desktop\Assignment3-scala' for client Visual Studio Code 1.89.1.
SLF4J(W): Class path contains multiple SLF4J providers.
SLF4J(W): Found provider [scribe.slf4j.ScribeServiceProvider@2ccb3c75]
SLF4J(W): Found provider [ch.qos.logback.classic.spi.LogbackServiceProvider@d810ab5]
SLF4J(W): See https://www.slf4j.org/codes.html#multiple_bindings for an explanation.
SLF4J(I): Actual provider is of type [scribe.slf4j.ScribeServiceProvider@2ccb3c75]
2024.05.28 19:27:36 WARN  Flyway upgrade recommended: H2 2.2.224 is newer than this version of Flyway and support has not been tested. The latest supported version of H2 is 2.2.220.
2024.05.28 19:27:37 INFO  Attempting to connect to the build server...
2024.05.28 19:27:37 INFO  tracing is disabled for protocol BSP, to enable tracing of incoming and outgoing JSON messages create an empty file at C:\Users\andre\Desktop\Assignment3-scala\.metals\bsp.trace.json or C:\Users\andre\AppData\Local\scalameta\metals\cache\bsp.trace.json
2024.05.28 19:27:37 INFO  time: Connected to build server in 0.72s
2024.05.28 19:27:37 INFO  Connected to Build server: Bloop v1.5.17
2024.05.28 19:27:38 INFO  time: Imported build in 0.19s
2024.05.28 19:27:47 INFO  time: indexed workspace in 8.94s
2024.05.28 19:28:07 INFO  no build target found for C:\Users\andre\Desktop\Assignment3-scala\project\metals.sbt. Using presentation compiler with project's scala-library version: 3.3.3
2024.05.28 19:28:08 INFO  no build target found for C:\Users\andre\Desktop\Assignment3-scala\project\metals.sbt. Using presentation compiler with project's scala-library version: 3.3.3
2024.05.28 19:28:09 INFO  time: code lens generation in 1.54s
2024.05.28 19:28:09 WARN  Could not find semantic tokens for: file:///C:/Users/andre/Desktop/Assignment3-scala/project/metals.sbt
2024.05.28 19:28:10 INFO  no build target found for C:\Users\andre\Desktop\Assignment3-scala\project\metals.sbt. Using presentation compiler with project's scala-library version: 3.3.3
2024.05.28 19:29:18 INFO  no build target found for C:\Users\andre\Desktop\Assignment3-scala\src\main\scala\it\unibo\pcd\akka\cluster\advanced\BasicExample.scala. Using presentation compiler with project's scala-library version: 3.3.3
2024.05.28 19:29:19 INFO  no build target found for C:\Users\andre\Desktop\Assignment3-scala\src\main\scala\it\unibo\pcd\akka\cluster\advanced\BasicExample.scala. Using presentation compiler with project's scala-library version: 3.3.3
2024.05.28 19:29:19 INFO  no build target found for C:\Users\andre\Desktop\Assignment3-scala\src\main\scala\it\unibo\pcd\akka\cluster\advanced\BasicExample.scala. Using presentation compiler with project's scala-library version: 3.3.3
2024.05.28 19:29:20 INFO  no build target found for C:\Users\andre\Desktop\Assignment3-scala\src\main\scala\it\unibo\pcd\akka\cluster\advanced\BasicExample.scala. Using presentation compiler with project's scala-library version: 3.3.3
2024.05.28 19:29:23 INFO  no build target found for C:\Users\andre\Desktop\Assignment3-scala\src\main\scala\it\unibo\pcd\akka\cluster\advanced\BasicExample.scala. Using presentation compiler with project's scala-library version: 3.3.3
2024.05.28 19:29:28 INFO  no build target found for C:\Users\andre\Desktop\Assignment3-scala\src\main\scala\it\unibo\pcd\akka\cluster\advanced\BasicExample.scala. Using presentation compiler with project's scala-library version: 3.3.3
2024.05.28 19:29:41 INFO  no build target found for C:\Users\andre\Desktop\Assignment3-scala\build.sbt. Using presentation compiler with project's scala-library version: 3.3.3
2024.05.28 19:29:41 INFO  no build target found for C:\Users\andre\Desktop\Assignment3-scala\build.sbt. Using presentation compiler with project's scala-library version: 3.3.3
2024.05.28 19:29:41 INFO  no build target found for C:\Users\andre\Desktop\Assignment3-scala\build.sbt. Using presentation compiler with project's scala-library version: 3.3.3
2024.05.28 19:29:44 INFO  no build target found for C:\Users\andre\Desktop\Assignment3-scala\build.sbt. Using presentation compiler with project's scala-library version: 3.3.3
2024.05.28 19:29:44 INFO  no build target found for C:\Users\andre\Desktop\Assignment3-scala\build.sbt. Using presentation compiler with project's scala-library version: 3.3.3
2024.05.28 19:29:56 INFO  no build target found for C:\Users\andre\Desktop\Assignment3-scala\build.sbt. Using presentation compiler with project's scala-library version: 3.3.3
2024.05.28 19:29:56 INFO  no build target found for C:\Users\andre\Desktop\Assignment3-scala\src\main\scala\it\unibo\pcd\akka\cluster\advanced\BasicExample.scala. Using presentation compiler with project's scala-library version: 3.3.3
2024.05.28 19:29:57 INFO  no build target found for C:\Users\andre\Desktop\Assignment3-scala\src\main\scala\it\unibo\pcd\akka\cluster\advanced\BasicExample.scala. Using presentation compiler with project's scala-library version: 3.3.3
2024.05.28 19:29:58 INFO  no build target found for C:\Users\andre\Desktop\Assignment3-scala\src\main\scala\it\unibo\pcd\akka\cluster\advanced\BasicExample.scala. Using presentation compiler with project's scala-library version: 3.3.3
2024.05.28 19:29:58 INFO  no build target found for C:\Users\andre\Desktop\Assignment3-scala\src\main\scala\it\unibo\pcd\akka\cluster\advanced\BasicExample.scala. Using presentation compiler with project's scala-library version: 3.3.3
2024.05.28 19:30:06 INFO  running 'C:\Program Files\Eclipse Adoptium\jdk-21.0.3.9-hotspot\bin\java.exe -Djline.terminal=jline.UnsupportedTerminal -Dsbt.log.noformat=true -Dfile.encoding=UTF-8 -jar C:\Users\andre\AppData\Local\Temp\metals8221169324802262186\sbt-launch.jar -Dbloop.export-jar-classifiers=sources bloopInstall'
2024.05.28 19:30:07 INFO  no build target found for C:\Users\andre\Desktop\Assignment3-scala\src\main\scala\it\unibo\pcd\akka\cluster\advanced\BasicExample.scala. Using presentation compiler with project's scala-library version: 3.3.3
2024.05.28 19:30:09 INFO  [info] welcome to sbt 1.9.9 (Eclipse Adoptium Java 21.0.3)
2024.05.28 19:30:12 INFO  [info] loading global plugins from C:\Users\andre\.sbt\1.0\plugins
2024.05.28 19:30:12 INFO  no build target found for C:\Users\andre\Desktop\Assignment3-scala\src\main\scala\it\unibo\pcd\akka\cluster\advanced\BasicExample.scala. Using presentation compiler with project's scala-library version: 3.3.3
2024.05.28 19:30:17 INFO  [info] loading settings for project assignment3-scala-build-build from metals.sbt ...
2024.05.28 19:30:17 INFO  [info] loading project definition from C:\Users\andre\Desktop\Assignment3-scala\project\project
2024.05.28 19:30:20 INFO  [info] loading settings for project assignment3-scala-build from metals.sbt ...
2024.05.28 19:30:20 INFO  [info] loading project definition from C:\Users\andre\Desktop\Assignment3-scala\project
2024.05.28 19:30:23 INFO  [success] Generated .bloop\assignment3-scala-build.json
2024.05.28 19:30:23 INFO  [warn] Removed stale C:\Users\andre\Desktop\Assignment3-scala\project\.bloop\sudoku-build.json
2024.05.28 19:30:23 INFO  [success] Total time: 3 s, completed 28 May 2024, 19:30:23
2024.05.28 19:30:26 INFO  [info] loading settings for project root from build.sbt ...
2024.05.28 19:30:26 INFO  [info] set current project to akka-remote-basics (in build file:/C:/Users/andre/Desktop/Assignment3-scala/)
2024.05.28 19:30:27 INFO  [success] Generated .bloop\root-test.json
2024.05.28 19:30:27 INFO  [success] Generated .bloop\root.json
2024.05.28 19:30:27 INFO  [success] Total time: 1 s, completed 28 May 2024, 19:30:27
2024.05.28 19:30:28 INFO  time: ran 'sbt bloopInstall' in 21s
2024.05.28 19:30:28 INFO  Disconnecting from Bloop session...
2024.05.28 19:30:28 INFO  Shut down connection with build server.
2024.05.28 19:30:28 INFO  Attempting to connect to the build server...
2024.05.28 19:30:28 INFO  tracing is disabled for protocol BSP, to enable tracing of incoming and outgoing JSON messages create an empty file at C:\Users\andre\Desktop\Assignment3-scala\.metals\bsp.trace.json or C:\Users\andre\AppData\Local\scalameta\metals\cache\bsp.trace.json
2024.05.28 19:30:28 INFO  Attempting to connect to the build server...
2024.05.28 19:30:28 INFO  tracing is disabled for protocol BSP, to enable tracing of incoming and outgoing JSON messages create an empty file at C:\Users\andre\Desktop\Assignment3-scala\project\.metals\bsp.trace.json or C:\Users\andre\AppData\Local\scalameta\metals\cache\bsp.trace.json
2024.05.28 19:30:28 INFO  time: Connected to build server in 0.12s
2024.05.28 19:30:28 INFO  Connected to Build server: Bloop v1.5.17
2024.05.28 19:30:50 INFO  time: indexed workspace in 22s
2024.05.28 19:30:50 INFO  compiling root (18 scala sources)
2024.05.28 19:30:53 INFO  time: compiled root in 2.46s
May 28, 2024 7:31:17 PM org.eclipse.lsp4j.jsonrpc.services.GenericEndpoint notify
INFO: Unsupported notification method: $/setTrace
May 28, 2024 7:31:27 PM org.eclipse.lsp4j.jsonrpc.services.GenericEndpoint notify
INFO: Unsupported notification method: $/setTrace
2024.05.28 19:31:52 INFO  Shutting down server
2024.05.28 19:31:52 INFO  shutting down Metals
2024.05.28 19:31:52 INFO  Shut down connection with build server.
2024.05.28 19:31:52 INFO  Shut down connection with build server.
2024.05.28 19:31:52 INFO  Exiting server
